<?xml version="1.0" encoding="UTF-8"?>
<robot generator="Robot 5.0.1 (Python 3.10.2 on win32)" generated="20221108 16:21:02.239" rpa="false" schemaversion="3">
<suite id="s1" name="Demoqa" source="C:\Users\suba0816\PycharmProjects\RobotProject\demoqa.robot">
<test id="s1-t1" name="dropdown_test" line="10">
<kw name="Open Browser" library="SeleniumLibrary">
<arg>${url}</arg>
<arg>${browser}</arg>
<doc>Opens a new browser instance to the optional ``url``.</doc>
<msg timestamp="20221108 16:21:02.546" level="INFO">Opening browser 'chrome' to base url 'https://demoqa.com/menu'.</msg>
<status status="PASS" starttime="20221108 16:21:02.545" endtime="20221108 16:21:10.133"/>
</kw>
<kw name="Click Element" library="SeleniumLibrary">
<arg>xpath://a[contains(text(),'Main Item 2')]</arg>
<doc>Click the element identified by ``locator``.</doc>
<msg timestamp="20221108 16:21:10.134" level="INFO">Clicking element 'xpath://a[contains(text(),'Main Item 2')]'.</msg>
<status status="PASS" starttime="20221108 16:21:10.134" endtime="20221108 16:21:10.199"/>
</kw>
<kw name="Select From List By Label" library="SeleniumLibrary">
<arg>Main Item 2</arg>
<arg>Sub Item</arg>
<doc>Selects options from selection list ``locator`` by ``labels``.</doc>
<msg timestamp="20221108 16:21:10.200" level="INFO">Selecting options from selection list 'Main Item 2' by label Sub Item.</msg>
<msg timestamp="20221108 16:21:10.688" level="INFO" html="true">&lt;/td&gt;&lt;/tr&gt;&lt;tr&gt;&lt;td colspan="3"&gt;&lt;a href="selenium-screenshot-112.png"&gt;&lt;img src="selenium-screenshot-112.png" width="800px"&gt;&lt;/a&gt;</msg>
<msg timestamp="20221108 16:21:10.689" level="FAIL">List with locator 'Main Item 2' not found.</msg>
<status status="FAIL" starttime="20221108 16:21:10.199" endtime="20221108 16:21:10.722"/>
</kw>
<status status="FAIL" starttime="20221108 16:21:02.543" endtime="20221108 16:21:10.724">List with locator 'Main Item 2' not found.</status>
</test>
<status status="FAIL" starttime="20221108 16:21:02.242" endtime="20221108 16:21:10.727"/>
</suite>
<statistics>
<total>
<stat pass="0" fail="1" skip="0">All Tests</stat>
</total>
<tag>
</tag>
<suite>
<stat pass="0" fail="1" skip="0" id="s1" name="Demoqa">Demoqa</stat>
</suite>
</statistics>
<errors>
</errors>
</robot>
